2022-11-03 18:36:33 startup archives unpack
2022-11-03 18:36:34 upgrade ntfs-3g:amd64 1:2021.8.22-3ubuntu1.1 1:2021.8.22-3ubuntu1.2
2022-11-03 18:36:34 status triggers-pending initramfs-tools:all 0.140ubuntu13
2022-11-03 18:36:34 status half-configured ntfs-3g:amd64 1:2021.8.22-3ubuntu1.1
2022-11-03 18:36:34 status unpacked ntfs-3g:amd64 1:2021.8.22-3ubuntu1.1
2022-11-03 18:36:34 status half-installed ntfs-3g:amd64 1:2021.8.22-3ubuntu1.1
2022-11-03 18:36:34 status triggers-pending man-db:amd64 2.10.2-1
2022-11-03 18:36:34 status unpacked ntfs-3g:amd64 1:2021.8.22-3ubuntu1.2
2022-11-03 18:36:34 upgrade libntfs-3g89:amd64 1:2021.8.22-3ubuntu1.1 1:2021.8.22-3ubuntu1.2
2022-11-03 18:36:34 status triggers-pending libc-bin:amd64 2.35-0ubuntu3.1
2022-11-03 18:36:34 status half-configured libntfs-3g89:amd64 1:2021.8.22-3ubuntu1.1
2022-11-03 18:36:34 status unpacked libntfs-3g89:amd64 1:2021.8.22-3ubuntu1.1
2022-11-03 18:36:34 status half-installed libntfs-3g89:amd64 1:2021.8.22-3ubuntu1.1
2022-11-03 18:36:34 status unpacked libntfs-3g89:amd64 1:2021.8.22-3ubuntu1.2
2022-11-03 18:36:34 startup packages configure
2022-11-03 18:36:34 configure libntfs-3g89:amd64 1:2021.8.22-3ubuntu1.2 <none>
2022-11-03 18:36:34 status unpacked libntfs-3g89:amd64 1:2021.8.22-3ubuntu1.2
2022-11-03 18:36:34 status half-configured libntfs-3g89:amd64 1:2021.8.22-3ubuntu1.2
2022-11-03 18:36:34 status installed libntfs-3g89:amd64 1:2021.8.22-3ubuntu1.2
2022-11-03 18:36:34 configure ntfs-3g:amd64 1:2021.8.22-3ubuntu1.2 <none>
2022-11-03 18:36:34 status unpacked ntfs-3g:amd64 1:2021.8.22-3ubuntu1.2
2022-11-03 18:36:34 status half-configured ntfs-3g:amd64 1:2021.8.22-3ubuntu1.2
2022-11-03 18:36:34 status installed ntfs-3g:amd64 1:2021.8.22-3ubuntu1.2
2022-11-03 18:36:34 trigproc libc-bin:amd64 2.35-0ubuntu3.1 <none>
2022-11-03 18:36:34 status half-configured libc-bin:amd64 2.35-0ubuntu3.1
2022-11-03 18:36:34 status installed libc-bin:amd64 2.35-0ubuntu3.1
2022-11-03 18:36:34 trigproc man-db:amd64 2.10.2-1 <none>
2022-11-03 18:36:34 status half-configured man-db:amd64 2.10.2-1
2022-11-03 18:36:34 status installed man-db:amd64 2.10.2-1
2022-11-03 18:36:34 trigproc initramfs-tools:all 0.140ubuntu13 <none>
2022-11-03 18:36:34 status half-configured initramfs-tools:all 0.140ubuntu13
2022-11-03 18:36:38 status installed initramfs-tools:all 0.140ubuntu13
2022-11-03 18:36:40 startup archives unpack
2022-11-03 18:36:41 upgrade libpython3.10:amd64 3.10.6-1~22.04 3.10.6-1~22.04.1
2022-11-03 18:36:41 status triggers-pending libc-bin:amd64 2.35-0ubuntu3.1
2022-11-03 18:36:41 status half-configured libpython3.10:amd64 3.10.6-1~22.04
2022-11-03 18:36:41 status unpacked libpython3.10:amd64 3.10.6-1~22.04
2022-11-03 18:36:41 status half-installed libpython3.10:amd64 3.10.6-1~22.04
2022-11-03 18:36:41 status unpacked libpython3.10:amd64 3.10.6-1~22.04.1
2022-11-03 18:36:41 upgrade python3.10:amd64 3.10.6-1~22.04 3.10.6-1~22.04.1
2022-11-03 18:36:41 status half-configured python3.10:amd64 3.10.6-1~22.04
2022-11-03 18:36:41 status unpacked python3.10:amd64 3.10.6-1~22.04
2022-11-03 18:36:41 status half-installed python3.10:amd64 3.10.6-1~22.04
2022-11-03 18:36:41 status triggers-pending mailcap:all 3.70+nmu1ubuntu1
2022-11-03 18:36:41 status triggers-pending gnome-menus:amd64 3.36.0-1ubuntu3
2022-11-03 18:36:41 status triggers-pending desktop-file-utils:amd64 0.26-1ubuntu3
2022-11-03 18:36:41 status triggers-pending man-db:amd64 2.10.2-1
2022-11-03 18:36:41 status unpacked python3.10:amd64 3.10.6-1~22.04.1
2022-11-03 18:36:41 upgrade libpython3.10-stdlib:amd64 3.10.6-1~22.04 3.10.6-1~22.04.1
2022-11-03 18:36:41 status half-configured libpython3.10-stdlib:amd64 3.10.6-1~22.04
2022-11-03 18:36:41 status unpacked libpython3.10-stdlib:amd64 3.10.6-1~22.04
2022-11-03 18:36:41 status half-installed libpython3.10-stdlib:amd64 3.10.6-1~22.04
2022-11-03 18:36:41 status unpacked libpython3.10-stdlib:amd64 3.10.6-1~22.04.1
2022-11-03 18:36:41 upgrade python3.10-minimal:amd64 3.10.6-1~22.04 3.10.6-1~22.04.1
2022-11-03 18:36:41 status half-configured python3.10-minimal:amd64 3.10.6-1~22.04
2022-11-03 18:36:41 status unpacked python3.10-minimal:amd64 3.10.6-1~22.04
2022-11-03 18:36:41 status half-installed python3.10-minimal:amd64 3.10.6-1~22.04
2022-11-03 18:36:41 status unpacked python3.10-minimal:amd64 3.10.6-1~22.04.1
2022-11-03 18:36:41 upgrade libpython3.10-minimal:amd64 3.10.6-1~22.04 3.10.6-1~22.04.1
2022-11-03 18:36:41 status half-configured libpython3.10-minimal:amd64 3.10.6-1~22.04
2022-11-03 18:36:41 status unpacked libpython3.10-minimal:amd64 3.10.6-1~22.04
2022-11-03 18:36:41 status half-installed libpython3.10-minimal:amd64 3.10.6-1~22.04
2022-11-03 18:36:41 status unpacked libpython3.10-minimal:amd64 3.10.6-1~22.04.1
2022-11-03 18:36:41 startup packages configure
2022-11-03 18:36:41 configure libpython3.10-minimal:amd64 3.10.6-1~22.04.1 <none>
2022-11-03 18:36:41 status unpacked libpython3.10-minimal:amd64 3.10.6-1~22.04.1
2022-11-03 18:36:41 status half-configured libpython3.10-minimal:amd64 3.10.6-1~22.04.1
2022-11-03 18:36:41 status installed libpython3.10-minimal:amd64 3.10.6-1~22.04.1
2022-11-03 18:36:41 configure python3.10-minimal:amd64 3.10.6-1~22.04.1 <none>
2022-11-03 18:36:41 status unpacked python3.10-minimal:amd64 3.10.6-1~22.04.1
2022-11-03 18:36:41 status half-configured python3.10-minimal:amd64 3.10.6-1~22.04.1
2022-11-03 18:36:41 status installed python3.10-minimal:amd64 3.10.6-1~22.04.1
2022-11-03 18:36:41 configure libpython3.10-stdlib:amd64 3.10.6-1~22.04.1 <none>
2022-11-03 18:36:41 status unpacked libpython3.10-stdlib:amd64 3.10.6-1~22.04.1
2022-11-03 18:36:41 status half-configured libpython3.10-stdlib:amd64 3.10.6-1~22.04.1
2022-11-03 18:36:41 status installed libpython3.10-stdlib:amd64 3.10.6-1~22.04.1
2022-11-03 18:36:41 configure libpython3.10:amd64 3.10.6-1~22.04.1 <none>
2022-11-03 18:36:41 status unpacked libpython3.10:amd64 3.10.6-1~22.04.1
2022-11-03 18:36:41 status half-configured libpython3.10:amd64 3.10.6-1~22.04.1
2022-11-03 18:36:41 status installed libpython3.10:amd64 3.10.6-1~22.04.1
2022-11-03 18:36:41 configure python3.10:amd64 3.10.6-1~22.04.1 <none>
2022-11-03 18:36:41 status unpacked python3.10:amd64 3.10.6-1~22.04.1
2022-11-03 18:36:41 status half-configured python3.10:amd64 3.10.6-1~22.04.1
2022-11-03 18:36:42 status installed python3.10:amd64 3.10.6-1~22.04.1
2022-11-03 18:36:42 trigproc libc-bin:amd64 2.35-0ubuntu3.1 <none>
2022-11-03 18:36:42 status half-configured libc-bin:amd64 2.35-0ubuntu3.1
2022-11-03 18:36:42 status installed libc-bin:amd64 2.35-0ubuntu3.1
2022-11-03 18:36:42 trigproc man-db:amd64 2.10.2-1 <none>
2022-11-03 18:36:42 status half-configured man-db:amd64 2.10.2-1
2022-11-03 18:36:42 status installed man-db:amd64 2.10.2-1
2022-11-03 18:36:42 trigproc mailcap:all 3.70+nmu1ubuntu1 <none>
2022-11-03 18:36:42 status half-configured mailcap:all 3.70+nmu1ubuntu1
2022-11-03 18:36:42 status installed mailcap:all 3.70+nmu1ubuntu1
2022-11-03 18:36:42 trigproc desktop-file-utils:amd64 0.26-1ubuntu3 <none>
2022-11-03 18:36:42 status half-configured desktop-file-utils:amd64 0.26-1ubuntu3
2022-11-03 18:36:42 status installed desktop-file-utils:amd64 0.26-1ubuntu3
2022-11-03 18:36:42 trigproc gnome-menus:amd64 3.36.0-1ubuntu3 <none>
2022-11-03 18:36:42 status half-configured gnome-menus:amd64 3.36.0-1ubuntu3
2022-11-03 18:36:42 status installed gnome-menus:amd64 3.36.0-1ubuntu3
2022-11-03 18:36:44 startup archives unpack
2022-11-03 18:36:44 upgrade openssl:amd64 3.0.2-0ubuntu1.6 3.0.2-0ubuntu1.7
2022-11-03 18:36:44 status half-configured openssl:amd64 3.0.2-0ubuntu1.6
2022-11-03 18:36:44 status unpacked openssl:amd64 3.0.2-0ubuntu1.6
2022-11-03 18:36:44 status half-installed openssl:amd64 3.0.2-0ubuntu1.6
2022-11-03 18:36:44 status triggers-pending man-db:amd64 2.10.2-1
2022-11-03 18:36:44 status unpacked openssl:amd64 3.0.2-0ubuntu1.7
2022-11-03 18:36:44 startup packages configure
2022-11-03 18:36:44 configure openssl:amd64 3.0.2-0ubuntu1.7 <none>
2022-11-03 18:36:44 status unpacked openssl:amd64 3.0.2-0ubuntu1.7
2022-11-03 18:36:44 status half-configured openssl:amd64 3.0.2-0ubuntu1.7
2022-11-03 18:36:44 status installed openssl:amd64 3.0.2-0ubuntu1.7
2022-11-03 18:36:44 trigproc man-db:amd64 2.10.2-1 <none>
2022-11-03 18:36:44 status half-configured man-db:amd64 2.10.2-1
2022-11-03 18:36:45 status installed man-db:amd64 2.10.2-1
2022-11-03 18:36:47 startup archives unpack
2022-11-03 18:36:47 upgrade libssl-dev:amd64 3.0.2-0ubuntu1.6 3.0.2-0ubuntu1.7
2022-11-03 18:36:47 status half-configured libssl-dev:amd64 3.0.2-0ubuntu1.6
2022-11-03 18:36:47 status unpacked libssl-dev:amd64 3.0.2-0ubuntu1.6
2022-11-03 18:36:47 status half-installed libssl-dev:amd64 3.0.2-0ubuntu1.6
2022-11-03 18:36:47 status unpacked libssl-dev:amd64 3.0.2-0ubuntu1.7
2022-11-03 18:36:47 upgrade libssl3:amd64 3.0.2-0ubuntu1.6 3.0.2-0ubuntu1.7
2022-11-03 18:36:47 status triggers-pending libc-bin:amd64 2.35-0ubuntu3.1
2022-11-03 18:36:47 status half-configured libssl3:amd64 3.0.2-0ubuntu1.6
2022-11-03 18:36:47 status unpacked libssl3:amd64 3.0.2-0ubuntu1.6
2022-11-03 18:36:47 status half-installed libssl3:amd64 3.0.2-0ubuntu1.6
2022-11-03 18:36:47 status unpacked libssl3:amd64 3.0.2-0ubuntu1.7
2022-11-03 18:36:47 startup packages configure
2022-11-03 18:36:47 configure libssl3:amd64 3.0.2-0ubuntu1.7 <none>
2022-11-03 18:36:47 status unpacked libssl3:amd64 3.0.2-0ubuntu1.7
2022-11-03 18:36:47 status half-configured libssl3:amd64 3.0.2-0ubuntu1.7
2022-11-03 18:36:47 status installed libssl3:amd64 3.0.2-0ubuntu1.7
2022-11-03 18:36:47 startup packages configure
2022-11-03 18:36:47 configure libssl-dev:amd64 3.0.2-0ubuntu1.7 <none>
2022-11-03 18:36:47 status unpacked libssl-dev:amd64 3.0.2-0ubuntu1.7
2022-11-03 18:36:47 status half-configured libssl-dev:amd64 3.0.2-0ubuntu1.7
2022-11-03 18:36:47 status installed libssl-dev:amd64 3.0.2-0ubuntu1.7
2022-11-03 18:36:47 trigproc libc-bin:amd64 2.35-0ubuntu3.1 <none>
2022-11-03 18:36:47 status half-configured libc-bin:amd64 2.35-0ubuntu3.1
2022-11-03 18:36:47 status installed libc-bin:amd64 2.35-0ubuntu3.1
2022-11-05 13:09:31 startup archives unpack
2022-11-05 13:09:31 upgrade tzdata:all 2022c-0ubuntu0.22.04.0 2022f-0ubuntu0.22.04.0
2022-11-05 13:09:31 status half-configured tzdata:all 2022c-0ubuntu0.22.04.0
2022-11-05 13:09:31 status unpacked tzdata:all 2022c-0ubuntu0.22.04.0
2022-11-05 13:09:31 status half-installed tzdata:all 2022c-0ubuntu0.22.04.0
2022-11-05 13:09:32 status unpacked tzdata:all 2022f-0ubuntu0.22.04.0
2022-11-05 13:09:32 startup packages configure
2022-11-05 13:09:32 configure tzdata:all 2022f-0ubuntu0.22.04.0 <none>
2022-11-05 13:09:32 status unpacked tzdata:all 2022f-0ubuntu0.22.04.0
2022-11-05 13:09:32 status half-configured tzdata:all 2022f-0ubuntu0.22.04.0
2022-11-05 13:09:32 status installed tzdata:all 2022f-0ubuntu0.22.04.0
2022-11-07 23:04:38 startup archives unpack
2022-11-07 23:04:38 upgrade libsqlite3-0:amd64 3.37.2-2 3.37.2-2ubuntu0.1
2022-11-07 23:04:38 status triggers-pending libc-bin:amd64 2.35-0ubuntu3.1
2022-11-07 23:04:38 status half-configured libsqlite3-0:amd64 3.37.2-2
2022-11-07 23:04:38 status unpacked libsqlite3-0:amd64 3.37.2-2
2022-11-07 23:04:38 status half-installed libsqlite3-0:amd64 3.37.2-2
2022-11-07 23:04:38 status unpacked libsqlite3-0:amd64 3.37.2-2ubuntu0.1
2022-11-07 23:04:38 startup packages configure
2022-11-07 23:04:38 configure libsqlite3-0:amd64 3.37.2-2ubuntu0.1 <none>
2022-11-07 23:04:38 status unpacked libsqlite3-0:amd64 3.37.2-2ubuntu0.1
2022-11-07 23:04:38 status half-configured libsqlite3-0:amd64 3.37.2-2ubuntu0.1
2022-11-07 23:04:38 status installed libsqlite3-0:amd64 3.37.2-2ubuntu0.1
2022-11-07 23:04:38 trigproc libc-bin:amd64 2.35-0ubuntu3.1 <none>
2022-11-07 23:04:38 status half-configured libc-bin:amd64 2.35-0ubuntu3.1
2022-11-07 23:04:38 status installed libc-bin:amd64 2.35-0ubuntu3.1
2022-11-10 00:35:47 startup archives unpack
2022-11-10 00:35:48 upgrade php8.1-xml:amd64 8.1.2-1ubuntu2.5 8.1.2-1ubuntu2.8
2022-11-10 00:35:48 status triggers-pending libapache2-mod-php8.1:amd64 8.1.2-1ubuntu2.5
2022-11-10 00:35:48 status half-configured php8.1-xml:amd64 8.1.2-1ubuntu2.5
2022-11-10 00:35:48 status unpacked php8.1-xml:amd64 8.1.2-1ubuntu2.5
2022-11-10 00:35:48 status half-installed php8.1-xml:amd64 8.1.2-1ubuntu2.5
2022-11-10 00:35:48 status unpacked php8.1-xml:amd64 8.1.2-1ubuntu2.8
2022-11-10 00:35:48 upgrade php8.1-readline:amd64 8.1.2-1ubuntu2.5 8.1.2-1ubuntu2.8
2022-11-10 00:35:48 status half-configured php8.1-readline:amd64 8.1.2-1ubuntu2.5
2022-11-10 00:35:48 status unpacked php8.1-readline:amd64 8.1.2-1ubuntu2.5
2022-11-10 00:35:48 status half-installed php8.1-readline:amd64 8.1.2-1ubuntu2.5
2022-11-10 00:35:48 status unpacked php8.1-readline:amd64 8.1.2-1ubuntu2.8
2022-11-10 00:35:48 upgrade php8.1-opcache:amd64 8.1.2-1ubuntu2.5 8.1.2-1ubuntu2.8
2022-11-10 00:35:48 status half-configured php8.1-opcache:amd64 8.1.2-1ubuntu2.5
2022-11-10 00:35:48 status unpacked php8.1-opcache:amd64 8.1.2-1ubuntu2.5
2022-11-10 00:35:48 status half-installed php8.1-opcache:amd64 8.1.2-1ubuntu2.5
2022-11-10 00:35:48 status unpacked php8.1-opcache:amd64 8.1.2-1ubuntu2.8
2022-11-10 00:35:48 upgrade php8.1-mysql:amd64 8.1.2-1ubuntu2.5 8.1.2-1ubuntu2.8
2022-11-10 00:35:48 status half-configured php8.1-mysql:amd64 8.1.2-1ubuntu2.5
2022-11-10 00:35:48 status unpacked php8.1-mysql:amd64 8.1.2-1ubuntu2.5
2022-11-10 00:35:48 status half-installed php8.1-mysql:amd64 8.1.2-1ubuntu2.5
2022-11-10 00:35:48 status unpacked php8.1-mysql:amd64 8.1.2-1ubuntu2.8
2022-11-10 00:35:48 upgrade php8.1-mbstring:amd64 8.1.2-1ubuntu2.5 8.1.2-1ubuntu2.8
2022-11-10 00:35:48 status half-configured php8.1-mbstring:amd64 8.1.2-1ubuntu2.5
2022-11-10 00:35:48 status unpacked php8.1-mbstring:amd64 8.1.2-1ubuntu2.5
2022-11-10 00:35:48 status half-installed php8.1-mbstring:amd64 8.1.2-1ubuntu2.5
2022-11-10 00:35:48 status unpacked php8.1-mbstring:amd64 8.1.2-1ubuntu2.8
2022-11-10 00:35:48 upgrade php8.1-curl:amd64 8.1.2-1ubuntu2.5 8.1.2-1ubuntu2.8
2022-11-10 00:35:48 status half-configured php8.1-curl:amd64 8.1.2-1ubuntu2.5
2022-11-10 00:35:48 status unpacked php8.1-curl:amd64 8.1.2-1ubuntu2.5
2022-11-10 00:35:48 status half-installed php8.1-curl:amd64 8.1.2-1ubuntu2.5
2022-11-10 00:35:48 status unpacked php8.1-curl:amd64 8.1.2-1ubuntu2.8
2022-11-10 00:35:48 upgrade libapache2-mod-php8.1:amd64 8.1.2-1ubuntu2.5 8.1.2-1ubuntu2.8
2022-11-10 00:35:48 status half-configured libapache2-mod-php8.1:amd64 8.1.2-1ubuntu2.5
2022-11-10 00:35:48 status unpacked libapache2-mod-php8.1:amd64 8.1.2-1ubuntu2.5
2022-11-10 00:35:48 status half-installed libapache2-mod-php8.1:amd64 8.1.2-1ubuntu2.5
2022-11-10 00:35:48 status unpacked libapache2-mod-php8.1:amd64 8.1.2-1ubuntu2.8
2022-11-10 00:35:48 upgrade php8.1-cli:amd64 8.1.2-1ubuntu2.5 8.1.2-1ubuntu2.8
2022-11-10 00:35:48 status half-configured php8.1-cli:amd64 8.1.2-1ubuntu2.5
2022-11-10 00:35:48 status unpacked php8.1-cli:amd64 8.1.2-1ubuntu2.5
2022-11-10 00:35:48 status half-installed php8.1-cli:amd64 8.1.2-1ubuntu2.5
2022-11-10 00:35:48 status triggers-pending man-db:amd64 2.10.2-1
2022-11-10 00:35:48 status unpacked php8.1-cli:amd64 8.1.2-1ubuntu2.8
2022-11-10 00:35:48 upgrade php8.1-common:amd64 8.1.2-1ubuntu2.5 8.1.2-1ubuntu2.8
2022-11-10 00:35:48 status half-configured php8.1-common:amd64 8.1.2-1ubuntu2.5
2022-11-10 00:35:48 status unpacked php8.1-common:amd64 8.1.2-1ubuntu2.5
2022-11-10 00:35:48 status half-installed php8.1-common:amd64 8.1.2-1ubuntu2.5
2022-11-10 00:35:49 status unpacked php8.1-common:amd64 8.1.2-1ubuntu2.8
2022-11-10 00:35:49 startup packages configure
2022-11-10 00:35:49 configure php8.1-common:amd64 8.1.2-1ubuntu2.8 <none>
2022-11-10 00:35:49 status unpacked php8.1-common:amd64 8.1.2-1ubuntu2.8
2022-11-10 00:35:49 status half-configured php8.1-common:amd64 8.1.2-1ubuntu2.8
2022-11-10 00:35:53 status installed php8.1-common:amd64 8.1.2-1ubuntu2.8
2022-11-10 00:35:53 configure php8.1-curl:amd64 8.1.2-1ubuntu2.8 <none>
2022-11-10 00:35:53 status unpacked php8.1-curl:amd64 8.1.2-1ubuntu2.8
2022-11-10 00:35:53 status half-configured php8.1-curl:amd64 8.1.2-1ubuntu2.8
2022-11-10 00:35:53 status installed php8.1-curl:amd64 8.1.2-1ubuntu2.8
2022-11-10 00:35:53 configure php8.1-xml:amd64 8.1.2-1ubuntu2.8 <none>
2022-11-10 00:35:53 status unpacked php8.1-xml:amd64 8.1.2-1ubuntu2.8
2022-11-10 00:35:53 status half-configured php8.1-xml:amd64 8.1.2-1ubuntu2.8
2022-11-10 00:35:54 status installed php8.1-xml:amd64 8.1.2-1ubuntu2.8
2022-11-10 00:35:54 configure php8.1-mysql:amd64 8.1.2-1ubuntu2.8 <none>
2022-11-10 00:35:54 status unpacked php8.1-mysql:amd64 8.1.2-1ubuntu2.8
2022-11-10 00:35:54 status half-configured php8.1-mysql:amd64 8.1.2-1ubuntu2.8
2022-11-10 00:35:55 status installed php8.1-mysql:amd64 8.1.2-1ubuntu2.8
2022-11-10 00:35:55 configure php8.1-readline:amd64 8.1.2-1ubuntu2.8 <none>
2022-11-10 00:35:55 status unpacked php8.1-readline:amd64 8.1.2-1ubuntu2.8
2022-11-10 00:35:55 status half-configured php8.1-readline:amd64 8.1.2-1ubuntu2.8
2022-11-10 00:35:55 status installed php8.1-readline:amd64 8.1.2-1ubuntu2.8
2022-11-10 00:35:55 configure php8.1-opcache:amd64 8.1.2-1ubuntu2.8 <none>
2022-11-10 00:35:55 status unpacked php8.1-opcache:amd64 8.1.2-1ubuntu2.8
2022-11-10 00:35:55 status half-configured php8.1-opcache:amd64 8.1.2-1ubuntu2.8
2022-11-10 00:35:55 status installed php8.1-opcache:amd64 8.1.2-1ubuntu2.8
2022-11-10 00:35:55 configure php8.1-mbstring:amd64 8.1.2-1ubuntu2.8 <none>
2022-11-10 00:35:55 status unpacked php8.1-mbstring:amd64 8.1.2-1ubuntu2.8
2022-11-10 00:35:55 status half-configured php8.1-mbstring:amd64 8.1.2-1ubuntu2.8
2022-11-10 00:35:55 status installed php8.1-mbstring:amd64 8.1.2-1ubuntu2.8
2022-11-10 00:35:55 configure php8.1-cli:amd64 8.1.2-1ubuntu2.8 <none>
2022-11-10 00:35:55 status unpacked php8.1-cli:amd64 8.1.2-1ubuntu2.8
2022-11-10 00:35:55 status half-configured php8.1-cli:amd64 8.1.2-1ubuntu2.8
2022-11-10 00:35:56 status installed php8.1-cli:amd64 8.1.2-1ubuntu2.8
2022-11-10 00:35:56 status triggers-pending php8.1-cli:amd64 8.1.2-1ubuntu2.8
2022-11-10 00:35:56 configure libapache2-mod-php8.1:amd64 8.1.2-1ubuntu2.8 <none>
2022-11-10 00:35:56 status unpacked libapache2-mod-php8.1:amd64 8.1.2-1ubuntu2.8
2022-11-10 00:35:56 status half-configured libapache2-mod-php8.1:amd64 8.1.2-1ubuntu2.8
2022-11-10 00:35:56 status installed libapache2-mod-php8.1:amd64 8.1.2-1ubuntu2.8
2022-11-10 00:35:56 status triggers-pending libapache2-mod-php8.1:amd64 8.1.2-1ubuntu2.8
2022-11-10 00:35:56 trigproc man-db:amd64 2.10.2-1 <none>
2022-11-10 00:35:56 status half-configured man-db:amd64 2.10.2-1
2022-11-10 00:35:56 status installed man-db:amd64 2.10.2-1
2022-11-10 00:35:56 trigproc php8.1-cli:amd64 8.1.2-1ubuntu2.8 <none>
2022-11-10 00:35:56 status half-configured php8.1-cli:amd64 8.1.2-1ubuntu2.8
2022-11-10 00:35:56 status installed php8.1-cli:amd64 8.1.2-1ubuntu2.8
2022-11-10 00:35:56 trigproc libapache2-mod-php8.1:amd64 8.1.2-1ubuntu2.8 <none>
2022-11-10 00:35:56 status half-configured libapache2-mod-php8.1:amd64 8.1.2-1ubuntu2.8
2022-11-10 00:35:56 status installed libapache2-mod-php8.1:amd64 8.1.2-1ubuntu2.8
2022-11-10 00:35:59 startup archives unpack
2022-11-10 00:35:59 upgrade php8.1:all 8.1.2-1ubuntu2.5 8.1.2-1ubuntu2.8
2022-11-10 00:35:59 status half-configured php8.1:all 8.1.2-1ubuntu2.5
2022-11-10 00:35:59 status unpacked php8.1:all 8.1.2-1ubuntu2.5
2022-11-10 00:35:59 status half-installed php8.1:all 8.1.2-1ubuntu2.5
2022-11-10 00:35:59 status unpacked php8.1:all 8.1.2-1ubuntu2.8
2022-11-10 00:35:59 startup packages configure
2022-11-10 00:35:59 configure php8.1:all 8.1.2-1ubuntu2.8 <none>
2022-11-10 00:35:59 status unpacked php8.1:all 8.1.2-1ubuntu2.8
2022-11-10 00:35:59 status half-configured php8.1:all 8.1.2-1ubuntu2.8
2022-11-10 00:35:59 status installed php8.1:all 8.1.2-1ubuntu2.8
2022-11-10 00:36:02 startup archives unpack
2022-11-10 00:36:02 upgrade libpixman-1-0:amd64 0.40.0-1build4 0.40.0-1ubuntu0.22.04.1
2022-11-10 00:36:02 status triggers-pending libc-bin:amd64 2.35-0ubuntu3.1
2022-11-10 00:36:02 status half-configured libpixman-1-0:amd64 0.40.0-1build4
2022-11-10 00:36:02 status unpacked libpixman-1-0:amd64 0.40.0-1build4
2022-11-10 00:36:02 status half-installed libpixman-1-0:amd64 0.40.0-1build4
2022-11-10 00:36:02 status unpacked libpixman-1-0:amd64 0.40.0-1ubuntu0.22.04.1
2022-11-10 00:36:02 startup packages configure
2022-11-10 00:36:02 configure libpixman-1-0:amd64 0.40.0-1ubuntu0.22.04.1 <none>
2022-11-10 00:36:02 status unpacked libpixman-1-0:amd64 0.40.0-1ubuntu0.22.04.1
2022-11-10 00:36:02 status half-configured libpixman-1-0:amd64 0.40.0-1ubuntu0.22.04.1
2022-11-10 00:36:02 status installed libpixman-1-0:amd64 0.40.0-1ubuntu0.22.04.1
2022-11-10 00:36:02 trigproc libc-bin:amd64 2.35-0ubuntu3.1 <none>
2022-11-10 00:36:02 status half-configured libc-bin:amd64 2.35-0ubuntu3.1
2022-11-10 00:36:03 status installed libc-bin:amd64 2.35-0ubuntu3.1
2022-11-10 00:36:05 startup archives unpack
2022-11-10 00:36:06 upgrade libtiff5:amd64 4.3.0-6ubuntu0.1 4.3.0-6ubuntu0.2
2022-11-10 00:36:06 status triggers-pending libc-bin:amd64 2.35-0ubuntu3.1
2022-11-10 00:36:06 status half-configured libtiff5:amd64 4.3.0-6ubuntu0.1
2022-11-10 00:36:06 status unpacked libtiff5:amd64 4.3.0-6ubuntu0.1
2022-11-10 00:36:06 status half-installed libtiff5:amd64 4.3.0-6ubuntu0.1
2022-11-10 00:36:06 status unpacked libtiff5:amd64 4.3.0-6ubuntu0.2
2022-11-10 00:36:06 startup packages configure
2022-11-10 00:36:06 configure libtiff5:amd64 4.3.0-6ubuntu0.2 <none>
2022-11-10 00:36:06 status unpacked libtiff5:amd64 4.3.0-6ubuntu0.2
2022-11-10 00:36:06 status half-configured libtiff5:amd64 4.3.0-6ubuntu0.2
2022-11-10 00:36:06 status installed libtiff5:amd64 4.3.0-6ubuntu0.2
2022-11-10 00:36:06 trigproc libc-bin:amd64 2.35-0ubuntu3.1 <none>
2022-11-10 00:36:06 status half-configured libc-bin:amd64 2.35-0ubuntu3.1
2022-11-10 00:36:06 status installed libc-bin:amd64 2.35-0ubuntu3.1
2022-11-11 09:52:53 startup archives unpack
2022-11-11 09:52:53 upgrade thunderbird-locale-ar:amd64 1:102.2.2+build1-0ubuntu0.22.04.1 1:102.4.2+build2-0ubuntu0.22.04.1
2022-11-11 09:52:53 status half-configured thunderbird-locale-ar:amd64 1:102.2.2+build1-0ubuntu0.22.04.1
2022-11-11 09:52:53 status unpacked thunderbird-locale-ar:amd64 1:102.2.2+build1-0ubuntu0.22.04.1
2022-11-11 09:52:53 status half-installed thunderbird-locale-ar:amd64 1:102.2.2+build1-0ubuntu0.22.04.1
2022-11-11 09:52:53 status unpacked thunderbird-locale-ar:amd64 1:102.4.2+build2-0ubuntu0.22.04.1
2022-11-11 09:52:53 upgrade thunderbird-locale-en:amd64 1:102.2.2+build1-0ubuntu0.22.04.1 1:102.4.2+build2-0ubuntu0.22.04.1
2022-11-11 09:52:53 status half-configured thunderbird-locale-en:amd64 1:102.2.2+build1-0ubuntu0.22.04.1
2022-11-11 09:52:53 status unpacked thunderbird-locale-en:amd64 1:102.2.2+build1-0ubuntu0.22.04.1
2022-11-11 09:52:53 status half-installed thunderbird-locale-en:amd64 1:102.2.2+build1-0ubuntu0.22.04.1
2022-11-11 09:52:53 status unpacked thunderbird-locale-en:amd64 1:102.4.2+build2-0ubuntu0.22.04.1
2022-11-11 09:52:53 upgrade thunderbird:amd64 1:102.2.2+build1-0ubuntu0.22.04.1 1:102.4.2+build2-0ubuntu0.22.04.1
2022-11-11 09:52:53 status half-configured thunderbird:amd64 1:102.2.2+build1-0ubuntu0.22.04.1
2022-11-11 09:52:53 status unpacked thunderbird:amd64 1:102.2.2+build1-0ubuntu0.22.04.1
2022-11-11 09:52:53 status half-installed thunderbird:amd64 1:102.2.2+build1-0ubuntu0.22.04.1
2022-11-11 09:52:54 status triggers-pending mailcap:all 3.70+nmu1ubuntu1
2022-11-11 09:52:54 status triggers-pending gnome-menus:amd64 3.36.0-1ubuntu3
2022-11-11 09:52:54 status triggers-pending desktop-file-utils:amd64 0.26-1ubuntu3
2022-11-11 09:52:54 status triggers-pending hicolor-icon-theme:all 0.17-2
2022-11-11 09:52:54 status triggers-pending man-db:amd64 2.10.2-1
2022-11-11 09:52:54 status unpacked thunderbird:amd64 1:102.4.2+build2-0ubuntu0.22.04.1
2022-11-11 09:52:54 upgrade thunderbird-gnome-support:amd64 1:102.2.2+build1-0ubuntu0.22.04.1 1:102.4.2+build2-0ubuntu0.22.04.1
2022-11-11 09:52:54 status half-configured thunderbird-gnome-support:amd64 1:102.2.2+build1-0ubuntu0.22.04.1
2022-11-11 09:52:54 status unpacked thunderbird-gnome-support:amd64 1:102.2.2+build1-0ubuntu0.22.04.1
2022-11-11 09:52:54 status half-installed thunderbird-gnome-support:amd64 1:102.2.2+build1-0ubuntu0.22.04.1
2022-11-11 09:52:54 status unpacked thunderbird-gnome-support:amd64 1:102.4.2+build2-0ubuntu0.22.04.1
2022-11-11 09:52:54 startup packages configure
2022-11-11 09:52:54 configure thunderbird:amd64 1:102.4.2+build2-0ubuntu0.22.04.1 <none>
2022-11-11 09:52:54 status unpacked thunderbird:amd64 1:102.4.2+build2-0ubuntu0.22.04.1
2022-11-11 09:52:54 status half-configured thunderbird:amd64 1:102.4.2+build2-0ubuntu0.22.04.1
2022-11-11 09:52:54 status installed thunderbird:amd64 1:102.4.2+build2-0ubuntu0.22.04.1
2022-11-11 09:52:54 configure thunderbird-locale-en:amd64 1:102.4.2+build2-0ubuntu0.22.04.1 <none>
2022-11-11 09:52:54 status unpacked thunderbird-locale-en:amd64 1:102.4.2+build2-0ubuntu0.22.04.1
2022-11-11 09:52:54 status half-configured thunderbird-locale-en:amd64 1:102.4.2+build2-0ubuntu0.22.04.1
2022-11-11 09:52:54 status installed thunderbird-locale-en:amd64 1:102.4.2+build2-0ubuntu0.22.04.1
2022-11-11 09:52:54 configure thunderbird-locale-ar:amd64 1:102.4.2+build2-0ubuntu0.22.04.1 <none>
2022-11-11 09:52:54 status unpacked thunderbird-locale-ar:amd64 1:102.4.2+build2-0ubuntu0.22.04.1
2022-11-11 09:52:54 status half-configured thunderbird-locale-ar:amd64 1:102.4.2+build2-0ubuntu0.22.04.1
2022-11-11 09:52:54 status installed thunderbird-locale-ar:amd64 1:102.4.2+build2-0ubuntu0.22.04.1
2022-11-11 09:52:54 configure thunderbird-gnome-support:amd64 1:102.4.2+build2-0ubuntu0.22.04.1 <none>
2022-11-11 09:52:54 status unpacked thunderbird-gnome-support:amd64 1:102.4.2+build2-0ubuntu0.22.04.1
2022-11-11 09:52:54 status half-configured thunderbird-gnome-support:amd64 1:102.4.2+build2-0ubuntu0.22.04.1
2022-11-11 09:52:54 status installed thunderbird-gnome-support:amd64 1:102.4.2+build2-0ubuntu0.22.04.1
2022-11-11 09:52:54 trigproc desktop-file-utils:amd64 0.26-1ubuntu3 <none>
2022-11-11 09:52:54 status half-configured desktop-file-utils:amd64 0.26-1ubuntu3
2022-11-11 09:52:54 status installed desktop-file-utils:amd64 0.26-1ubuntu3
2022-11-11 09:52:54 trigproc hicolor-icon-theme:all 0.17-2 <none>
2022-11-11 09:52:54 status half-configured hicolor-icon-theme:all 0.17-2
2022-11-11 09:52:54 status installed hicolor-icon-theme:all 0.17-2
2022-11-11 09:52:54 trigproc gnome-menus:amd64 3.36.0-1ubuntu3 <none>
2022-11-11 09:52:54 status half-configured gnome-menus:amd64 3.36.0-1ubuntu3
2022-11-11 09:52:54 status installed gnome-menus:amd64 3.36.0-1ubuntu3
2022-11-11 09:52:54 trigproc man-db:amd64 2.10.2-1 <none>
2022-11-11 09:52:54 status half-configured man-db:amd64 2.10.2-1
2022-11-11 09:52:54 status installed man-db:amd64 2.10.2-1
2022-11-11 09:52:54 trigproc mailcap:all 3.70+nmu1ubuntu1 <none>
2022-11-11 09:52:54 status half-configured mailcap:all 3.70+nmu1ubuntu1
2022-11-11 09:52:54 status installed mailcap:all 3.70+nmu1ubuntu1
2022-11-11 09:52:57 startup archives unpack
2022-11-11 09:52:57 upgrade thunderbird-locale-en-us:all 1:102.2.2+build1-0ubuntu0.22.04.1 1:102.4.2+build2-0ubuntu0.22.04.1
2022-11-11 09:52:57 status half-configured thunderbird-locale-en-us:all 1:102.2.2+build1-0ubuntu0.22.04.1
2022-11-11 09:52:57 status unpacked thunderbird-locale-en-us:all 1:102.2.2+build1-0ubuntu0.22.04.1
2022-11-11 09:52:57 status half-installed thunderbird-locale-en-us:all 1:102.2.2+build1-0ubuntu0.22.04.1
2022-11-11 09:52:57 status unpacked thunderbird-locale-en-us:all 1:102.4.2+build2-0ubuntu0.22.04.1
2022-11-11 09:52:57 startup packages configure
2022-11-11 09:52:57 configure thunderbird-locale-en-us:all 1:102.4.2+build2-0ubuntu0.22.04.1 <none>
2022-11-11 09:52:57 status unpacked thunderbird-locale-en-us:all 1:102.4.2+build2-0ubuntu0.22.04.1
2022-11-11 09:52:57 status half-configured thunderbird-locale-en-us:all 1:102.4.2+build2-0ubuntu0.22.04.1
2022-11-11 09:52:57 status installed thunderbird-locale-en-us:all 1:102.4.2+build2-0ubuntu0.22.04.1
2022-11-11 09:53:00 startup archives unpack
2022-11-11 09:53:00 upgrade thunderbird-locale-en-gb:all 1:102.2.2+build1-0ubuntu0.22.04.1 1:102.4.2+build2-0ubuntu0.22.04.1
2022-11-11 09:53:00 status half-configured thunderbird-locale-en-gb:all 1:102.2.2+build1-0ubuntu0.22.04.1
2022-11-11 09:53:00 status unpacked thunderbird-locale-en-gb:all 1:102.2.2+build1-0ubuntu0.22.04.1
2022-11-11 09:53:00 status half-installed thunderbird-locale-en-gb:all 1:102.2.2+build1-0ubuntu0.22.04.1
2022-11-11 09:53:00 status unpacked thunderbird-locale-en-gb:all 1:102.4.2+build2-0ubuntu0.22.04.1
2022-11-11 09:53:00 startup packages configure
2022-11-11 09:53:00 configure thunderbird-locale-en-gb:all 1:102.4.2+build2-0ubuntu0.22.04.1 <none>
2022-11-11 09:53:00 status unpacked thunderbird-locale-en-gb:all 1:102.4.2+build2-0ubuntu0.22.04.1
2022-11-11 09:53:00 status half-configured thunderbird-locale-en-gb:all 1:102.4.2+build2-0ubuntu0.22.04.1
2022-11-11 09:53:00 status installed thunderbird-locale-en-gb:all 1:102.4.2+build2-0ubuntu0.22.04.1
2022-11-26 11:37:21 startup archives unpack
2022-11-26 11:37:21 upgrade linux-modules-nvidia-470-generic-hwe-20.04:amd64 5.15.0-52.58+1 5.15.0-53.59+1
2022-11-26 11:37:21 status half-configured linux-modules-nvidia-470-generic-hwe-20.04:amd64 5.15.0-52.58+1
2022-11-26 11:37:21 status unpacked linux-modules-nvidia-470-generic-hwe-20.04:amd64 5.15.0-52.58+1
2022-11-26 11:37:21 status half-installed linux-modules-nvidia-470-generic-hwe-20.04:amd64 5.15.0-52.58+1
2022-11-26 11:37:21 status unpacked linux-modules-nvidia-470-generic-hwe-20.04:amd64 5.15.0-53.59+1
2022-11-26 11:37:21 startup packages configure
2022-11-26 11:37:21 configure linux-modules-nvidia-470-generic-hwe-20.04:amd64 5.15.0-53.59+1 <none>
2022-11-26 11:37:21 status unpacked linux-modules-nvidia-470-generic-hwe-20.04:amd64 5.15.0-53.59+1
2022-11-26 11:37:21 status half-configured linux-modules-nvidia-470-generic-hwe-20.04:amd64 5.15.0-53.59+1
2022-11-26 11:37:21 status installed linux-modules-nvidia-470-generic-hwe-20.04:amd64 5.15.0-53.59+1
2022-11-26 11:37:24 startup archives unpack
2022-11-26 11:37:24 install linux-modules-5.15.0-53-generic:amd64 <none> 5.15.0-53.59
2022-11-26 11:37:24 status half-installed linux-modules-5.15.0-53-generic:amd64 5.15.0-53.59
2022-11-26 11:37:24 status unpacked linux-modules-5.15.0-53-generic:amd64 5.15.0-53.59
2022-11-26 11:37:24 install linux-image-5.15.0-53-generic:amd64 <none> 5.15.0-53.59
2022-11-26 11:37:24 status half-installed linux-image-5.15.0-53-generic:amd64 5.15.0-53.59
2022-11-26 11:37:24 status unpacked linux-image-5.15.0-53-generic:amd64 5.15.0-53.59
2022-11-26 11:37:25 install linux-modules-extra-5.15.0-53-generic:amd64 <none> 5.15.0-53.59
2022-11-26 11:37:25 status half-installed linux-modules-extra-5.15.0-53-generic:amd64 5.15.0-53.59
2022-11-26 11:37:26 status unpacked linux-modules-extra-5.15.0-53-generic:amd64 5.15.0-53.59
2022-11-26 11:37:26 upgrade linux-generic-hwe-22.04:amd64 5.15.0.52.52 5.15.0.53.53
2022-11-26 11:37:26 status half-configured linux-generic-hwe-22.04:amd64 5.15.0.52.52
2022-11-26 11:37:26 status unpacked linux-generic-hwe-22.04:amd64 5.15.0.52.52
2022-11-26 11:37:26 status half-installed linux-generic-hwe-22.04:amd64 5.15.0.52.52
2022-11-26 11:37:26 status unpacked linux-generic-hwe-22.04:amd64 5.15.0.53.53
2022-11-26 11:37:26 upgrade linux-image-generic-hwe-22.04:amd64 5.15.0.52.52 5.15.0.53.53
2022-11-26 11:37:26 status half-configured linux-image-generic-hwe-22.04:amd64 5.15.0.52.52
2022-11-26 11:37:26 status unpacked linux-image-generic-hwe-22.04:amd64 5.15.0.52.52
2022-11-26 11:37:26 status half-installed linux-image-generic-hwe-22.04:amd64 5.15.0.52.52
2022-11-26 11:37:26 status unpacked linux-image-generic-hwe-22.04:amd64 5.15.0.53.53
2022-11-26 11:37:26 install linux-headers-5.15.0-53:all <none> 5.15.0-53.59
2022-11-26 11:37:26 status half-installed linux-headers-5.15.0-53:all 5.15.0-53.59
2022-11-26 11:37:27 status unpacked linux-headers-5.15.0-53:all 5.15.0-53.59
2022-11-26 11:37:27 install linux-headers-5.15.0-53-generic:amd64 <none> 5.15.0-53.59
2022-11-26 11:37:27 status half-installed linux-headers-5.15.0-53-generic:amd64 5.15.0-53.59
2022-11-26 11:37:28 status unpacked linux-headers-5.15.0-53-generic:amd64 5.15.0-53.59
2022-11-26 11:37:28 upgrade linux-headers-generic-hwe-22.04:amd64 5.15.0.52.52 5.15.0.53.53
2022-11-26 11:37:28 status half-configured linux-headers-generic-hwe-22.04:amd64 5.15.0.52.52
2022-11-26 11:37:28 status unpacked linux-headers-generic-hwe-22.04:amd64 5.15.0.52.52
2022-11-26 11:37:28 status half-installed linux-headers-generic-hwe-22.04:amd64 5.15.0.52.52
2022-11-26 11:37:28 status unpacked linux-headers-generic-hwe-22.04:amd64 5.15.0.53.53
2022-11-26 11:37:28 startup packages configure
2022-11-26 11:37:28 configure linux-headers-5.15.0-53:all 5.15.0-53.59 <none>
2022-11-26 11:37:28 status unpacked linux-headers-5.15.0-53:all 5.15.0-53.59
2022-11-26 11:37:28 status half-configured linux-headers-5.15.0-53:all 5.15.0-53.59
2022-11-26 11:37:28 status installed linux-headers-5.15.0-53:all 5.15.0-53.59
2022-11-26 11:37:28 configure linux-headers-5.15.0-53-generic:amd64 5.15.0-53.59 <none>
2022-11-26 11:37:28 status unpacked linux-headers-5.15.0-53-generic:amd64 5.15.0-53.59
2022-11-26 11:37:28 status half-configured linux-headers-5.15.0-53-generic:amd64 5.15.0-53.59
2022-11-26 11:37:58 status installed linux-headers-5.15.0-53-generic:amd64 5.15.0-53.59
2022-11-26 11:37:58 configure linux-headers-generic-hwe-22.04:amd64 5.15.0.53.53 <none>
2022-11-26 11:37:58 status unpacked linux-headers-generic-hwe-22.04:amd64 5.15.0.53.53
2022-11-26 11:37:58 status half-configured linux-headers-generic-hwe-22.04:amd64 5.15.0.53.53
2022-11-26 11:37:58 status installed linux-headers-generic-hwe-22.04:amd64 5.15.0.53.53
2022-11-26 11:37:58 configure linux-image-5.15.0-53-generic:amd64 5.15.0-53.59 <none>
2022-11-26 11:37:58 status unpacked linux-image-5.15.0-53-generic:amd64 5.15.0-53.59
2022-11-26 11:37:58 status half-configured linux-image-5.15.0-53-generic:amd64 5.15.0-53.59
2022-11-26 11:38:00 status installed linux-image-5.15.0-53-generic:amd64 5.15.0-53.59
2022-11-26 11:38:00 status triggers-pending linux-image-5.15.0-53-generic:amd64 5.15.0-53.59
2022-11-26 11:38:00 configure linux-modules-extra-5.15.0-53-generic:amd64 5.15.0-53.59 <none>
2022-11-26 11:38:00 status unpacked linux-modules-extra-5.15.0-53-generic:amd64 5.15.0-53.59
2022-11-26 11:38:00 status half-configured linux-modules-extra-5.15.0-53-generic:amd64 5.15.0-53.59
2022-11-26 11:38:00 status installed linux-modules-extra-5.15.0-53-generic:amd64 5.15.0-53.59
2022-11-26 11:38:00 configure linux-modules-5.15.0-53-generic:amd64 5.15.0-53.59 <none>
2022-11-26 11:38:00 status unpacked linux-modules-5.15.0-53-generic:amd64 5.15.0-53.59
2022-11-26 11:38:00 status half-configured linux-modules-5.15.0-53-generic:amd64 5.15.0-53.59
2022-11-26 11:38:01 status installed linux-modules-5.15.0-53-generic:amd64 5.15.0-53.59
2022-11-26 11:38:01 configure linux-image-generic-hwe-22.04:amd64 5.15.0.53.53 <none>
2022-11-26 11:38:01 status unpacked linux-image-generic-hwe-22.04:amd64 5.15.0.53.53
2022-11-26 11:38:01 status half-configured linux-image-generic-hwe-22.04:amd64 5.15.0.53.53
2022-11-26 11:38:01 status installed linux-image-generic-hwe-22.04:amd64 5.15.0.53.53
2022-11-26 11:38:01 configure linux-generic-hwe-22.04:amd64 5.15.0.53.53 <none>
2022-11-26 11:38:01 status unpacked linux-generic-hwe-22.04:amd64 5.15.0.53.53
2022-11-26 11:38:01 status half-configured linux-generic-hwe-22.04:amd64 5.15.0.53.53
2022-11-26 11:38:01 status installed linux-generic-hwe-22.04:amd64 5.15.0.53.53
2022-11-26 11:38:01 trigproc linux-image-5.15.0-53-generic:amd64 5.15.0-53.59 <none>
2022-11-26 11:38:01 status half-configured linux-image-5.15.0-53-generic:amd64 5.15.0-53.59
2022-11-26 11:38:06 status installed linux-image-5.15.0-53-generic:amd64 5.15.0-53.59
2022-11-26 11:38:10 startup archives unpack
2022-11-26 11:38:10 upgrade xserver-common:all 2:21.1.3-2ubuntu2.1 2:21.1.3-2ubuntu2.3
2022-11-26 11:38:10 status half-configured xserver-common:all 2:21.1.3-2ubuntu2.1
2022-11-26 11:38:10 status unpacked xserver-common:all 2:21.1.3-2ubuntu2.1
2022-11-26 11:38:10 status half-installed xserver-common:all 2:21.1.3-2ubuntu2.1
2022-11-26 11:38:10 status triggers-pending man-db:amd64 2.10.2-1
2022-11-26 11:38:10 status unpacked xserver-common:all 2:21.1.3-2ubuntu2.3
2022-11-26 11:38:10 upgrade xserver-xorg-core:amd64 2:21.1.3-2ubuntu2.1 2:21.1.3-2ubuntu2.3
2022-11-26 11:38:10 status half-configured xserver-xorg-core:amd64 2:21.1.3-2ubuntu2.1
2022-11-26 11:38:10 status unpacked xserver-xorg-core:amd64 2:21.1.3-2ubuntu2.1
2022-11-26 11:38:10 status half-installed xserver-xorg-core:amd64 2:21.1.3-2ubuntu2.1
2022-11-26 11:38:10 status unpacked xserver-xorg-core:amd64 2:21.1.3-2ubuntu2.3
2022-11-26 11:38:10 startup packages configure
2022-11-26 11:38:10 configure xserver-common:all 2:21.1.3-2ubuntu2.3 <none>
2022-11-26 11:38:10 status unpacked xserver-common:all 2:21.1.3-2ubuntu2.3
2022-11-26 11:38:10 status half-configured xserver-common:all 2:21.1.3-2ubuntu2.3
2022-11-26 11:38:10 status installed xserver-common:all 2:21.1.3-2ubuntu2.3
2022-11-26 11:38:10 configure xserver-xorg-core:amd64 2:21.1.3-2ubuntu2.3 <none>
2022-11-26 11:38:10 status unpacked xserver-xorg-core:amd64 2:21.1.3-2ubuntu2.3
2022-11-26 11:38:10 status half-configured xserver-xorg-core:amd64 2:21.1.3-2ubuntu2.3
2022-11-26 11:38:10 status installed xserver-xorg-core:amd64 2:21.1.3-2ubuntu2.3
2022-11-26 11:38:10 trigproc man-db:amd64 2.10.2-1 <none>
2022-11-26 11:38:10 status half-configured man-db:amd64 2.10.2-1
2022-11-26 11:38:10 status installed man-db:amd64 2.10.2-1
2022-11-26 11:38:14 startup archives unpack
2022-11-26 11:38:14 upgrade xserver-xephyr:amd64 2:21.1.3-2ubuntu2.1 2:21.1.3-2ubuntu2.3
2022-11-26 11:38:14 status half-configured xserver-xephyr:amd64 2:21.1.3-2ubuntu2.1
2022-11-26 11:38:14 status unpacked xserver-xephyr:amd64 2:21.1.3-2ubuntu2.1
2022-11-26 11:38:14 status half-installed xserver-xephyr:amd64 2:21.1.3-2ubuntu2.1
2022-11-26 11:38:14 status triggers-pending man-db:amd64 2.10.2-1
2022-11-26 11:38:14 status unpacked xserver-xephyr:amd64 2:21.1.3-2ubuntu2.3
2022-11-26 11:38:14 startup packages configure
2022-11-26 11:38:14 configure xserver-xephyr:amd64 2:21.1.3-2ubuntu2.3 <none>
2022-11-26 11:38:14 status unpacked xserver-xephyr:amd64 2:21.1.3-2ubuntu2.3
2022-11-26 11:38:14 status half-configured xserver-xephyr:amd64 2:21.1.3-2ubuntu2.3
2022-11-26 11:38:14 status installed xserver-xephyr:amd64 2:21.1.3-2ubuntu2.3
2022-11-26 11:38:14 trigproc man-db:amd64 2.10.2-1 <none>
2022-11-26 11:38:14 status half-configured man-db:amd64 2.10.2-1
2022-11-26 11:38:14 status installed man-db:amd64 2.10.2-1
2022-11-26 11:38:17 startup archives unpack
2022-11-26 11:38:18 upgrade libfreerdp-client2-2:amd64 2.6.1+dfsg1-3ubuntu2.2 2.6.1+dfsg1-3ubuntu2.3
2022-11-26 11:38:18 status triggers-pending libc-bin:amd64 2.35-0ubuntu3.1
2022-11-26 11:38:18 status half-configured libfreerdp-client2-2:amd64 2.6.1+dfsg1-3ubuntu2.2
2022-11-26 11:38:18 status unpacked libfreerdp-client2-2:amd64 2.6.1+dfsg1-3ubuntu2.2
2022-11-26 11:38:18 status half-installed libfreerdp-client2-2:amd64 2.6.1+dfsg1-3ubuntu2.2
2022-11-26 11:38:18 status unpacked libfreerdp-client2-2:amd64 2.6.1+dfsg1-3ubuntu2.3
2022-11-26 11:38:18 upgrade libfreerdp-server2-2:amd64 2.6.1+dfsg1-3ubuntu2.2 2.6.1+dfsg1-3ubuntu2.3
2022-11-26 11:38:18 status half-configured libfreerdp-server2-2:amd64 2.6.1+dfsg1-3ubuntu2.2
2022-11-26 11:38:18 status unpacked libfreerdp-server2-2:amd64 2.6.1+dfsg1-3ubuntu2.2
2022-11-26 11:38:18 status half-installed libfreerdp-server2-2:amd64 2.6.1+dfsg1-3ubuntu2.2
2022-11-26 11:38:18 status unpacked libfreerdp-server2-2:amd64 2.6.1+dfsg1-3ubuntu2.3
2022-11-26 11:38:18 upgrade libfreerdp2-2:amd64 2.6.1+dfsg1-3ubuntu2.2 2.6.1+dfsg1-3ubuntu2.3
2022-11-26 11:38:18 status half-configured libfreerdp2-2:amd64 2.6.1+dfsg1-3ubuntu2.2
2022-11-26 11:38:18 status unpacked libfreerdp2-2:amd64 2.6.1+dfsg1-3ubuntu2.2
2022-11-26 11:38:18 status half-installed libfreerdp2-2:amd64 2.6.1+dfsg1-3ubuntu2.2
2022-11-26 11:38:18 status unpacked libfreerdp2-2:amd64 2.6.1+dfsg1-3ubuntu2.3
2022-11-26 11:38:18 upgrade libwinpr2-2:amd64 2.6.1+dfsg1-3ubuntu2.2 2.6.1+dfsg1-3ubuntu2.3
2022-11-26 11:38:18 status half-configured libwinpr2-2:amd64 2.6.1+dfsg1-3ubuntu2.2
2022-11-26 11:38:18 status unpacked libwinpr2-2:amd64 2.6.1+dfsg1-3ubuntu2.2
2022-11-26 11:38:18 status half-installed libwinpr2-2:amd64 2.6.1+dfsg1-3ubuntu2.2
2022-11-26 11:38:18 status triggers-pending man-db:amd64 2.10.2-1
2022-11-26 11:38:18 status unpacked libwinpr2-2:amd64 2.6.1+dfsg1-3ubuntu2.3
2022-11-26 11:38:18 startup packages configure
2022-11-26 11:38:18 configure libwinpr2-2:amd64 2.6.1+dfsg1-3ubuntu2.3 <none>
2022-11-26 11:38:18 status unpacked libwinpr2-2:amd64 2.6.1+dfsg1-3ubuntu2.3
2022-11-26 11:38:18 status half-configured libwinpr2-2:amd64 2.6.1+dfsg1-3ubuntu2.3
2022-11-26 11:38:18 status installed libwinpr2-2:amd64 2.6.1+dfsg1-3ubuntu2.3
2022-11-26 11:38:18 configure libfreerdp2-2:amd64 2.6.1+dfsg1-3ubuntu2.3 <none>
2022-11-26 11:38:18 status unpacked libfreerdp2-2:amd64 2.6.1+dfsg1-3ubuntu2.3
2022-11-26 11:38:18 status half-configured libfreerdp2-2:amd64 2.6.1+dfsg1-3ubuntu2.3
2022-11-26 11:38:18 status installed libfreerdp2-2:amd64 2.6.1+dfsg1-3ubuntu2.3
2022-11-26 11:38:18 configure libfreerdp-server2-2:amd64 2.6.1+dfsg1-3ubuntu2.3 <none>
2022-11-26 11:38:18 status unpacked libfreerdp-server2-2:amd64 2.6.1+dfsg1-3ubuntu2.3
2022-11-26 11:38:18 status half-configured libfreerdp-server2-2:amd64 2.6.1+dfsg1-3ubuntu2.3
2022-11-26 11:38:18 status installed libfreerdp-server2-2:amd64 2.6.1+dfsg1-3ubuntu2.3
2022-11-26 11:38:18 configure libfreerdp-client2-2:amd64 2.6.1+dfsg1-3ubuntu2.3 <none>
2022-11-26 11:38:18 status unpacked libfreerdp-client2-2:amd64 2.6.1+dfsg1-3ubuntu2.3
2022-11-26 11:38:18 status half-configured libfreerdp-client2-2:amd64 2.6.1+dfsg1-3ubuntu2.3
2022-11-26 11:38:18 status installed libfreerdp-client2-2:amd64 2.6.1+dfsg1-3ubuntu2.3
2022-11-26 11:38:18 trigproc man-db:amd64 2.10.2-1 <none>
2022-11-26 11:38:18 status half-configured man-db:amd64 2.10.2-1
2022-11-26 11:38:18 status installed man-db:amd64 2.10.2-1
2022-11-26 11:38:18 trigproc libc-bin:amd64 2.35-0ubuntu3.1 <none>
2022-11-26 11:38:18 status half-configured libc-bin:amd64 2.35-0ubuntu3.1
2022-11-26 11:38:18 status installed libc-bin:amd64 2.35-0ubuntu3.1
2022-11-26 11:38:21 startup archives unpack
2022-11-26 11:38:21 upgrade gir1.2-webkit2-4.0:amd64 2.36.8-0ubuntu0.22.04.1 2.38.2-0ubuntu0.22.04.2
2022-11-26 11:38:21 status half-configured gir1.2-webkit2-4.0:amd64 2.36.8-0ubuntu0.22.04.1
2022-11-26 11:38:21 status unpacked gir1.2-webkit2-4.0:amd64 2.36.8-0ubuntu0.22.04.1
2022-11-26 11:38:21 status half-installed gir1.2-webkit2-4.0:amd64 2.36.8-0ubuntu0.22.04.1
2022-11-26 11:38:21 status unpacked gir1.2-webkit2-4.0:amd64 2.38.2-0ubuntu0.22.04.2
2022-11-26 11:38:21 upgrade gir1.2-javascriptcoregtk-4.0:amd64 2.36.8-0ubuntu0.22.04.1 2.38.2-0ubuntu0.22.04.2
2022-11-26 11:38:21 status half-configured gir1.2-javascriptcoregtk-4.0:amd64 2.36.8-0ubuntu0.22.04.1
2022-11-26 11:38:21 status unpacked gir1.2-javascriptcoregtk-4.0:amd64 2.36.8-0ubuntu0.22.04.1
2022-11-26 11:38:21 status half-installed gir1.2-javascriptcoregtk-4.0:amd64 2.36.8-0ubuntu0.22.04.1
2022-11-26 11:38:21 status unpacked gir1.2-javascriptcoregtk-4.0:amd64 2.38.2-0ubuntu0.22.04.2
2022-11-26 11:38:22 upgrade libwebkit2gtk-4.0-37:amd64 2.36.8-0ubuntu0.22.04.1 2.38.2-0ubuntu0.22.04.2
2022-11-26 11:38:22 status triggers-pending libc-bin:amd64 2.35-0ubuntu3.1
2022-11-26 11:38:22 status half-configured libwebkit2gtk-4.0-37:amd64 2.36.8-0ubuntu0.22.04.1
2022-11-26 11:38:22 status unpacked libwebkit2gtk-4.0-37:amd64 2.36.8-0ubuntu0.22.04.1
2022-11-26 11:38:22 status half-installed libwebkit2gtk-4.0-37:amd64 2.36.8-0ubuntu0.22.04.1
2022-11-26 11:38:22 status unpacked libwebkit2gtk-4.0-37:amd64 2.38.2-0ubuntu0.22.04.2
2022-11-26 11:38:22 upgrade libjavascriptcoregtk-4.0-18:amd64 2.36.8-0ubuntu0.22.04.1 2.38.2-0ubuntu0.22.04.2
2022-11-26 11:38:22 status half-configured libjavascriptcoregtk-4.0-18:amd64 2.36.8-0ubuntu0.22.04.1
2022-11-26 11:38:22 status unpacked libjavascriptcoregtk-4.0-18:amd64 2.36.8-0ubuntu0.22.04.1
2022-11-26 11:38:22 status half-installed libjavascriptcoregtk-4.0-18:amd64 2.36.8-0ubuntu0.22.04.1
2022-11-26 11:38:22 status unpacked libjavascriptcoregtk-4.0-18:amd64 2.38.2-0ubuntu0.22.04.2
2022-11-26 11:38:22 startup packages configure
2022-11-26 11:38:22 configure libjavascriptcoregtk-4.0-18:amd64 2.38.2-0ubuntu0.22.04.2 <none>
2022-11-26 11:38:22 status unpacked libjavascriptcoregtk-4.0-18:amd64 2.38.2-0ubuntu0.22.04.2
2022-11-26 11:38:22 status half-configured libjavascriptcoregtk-4.0-18:amd64 2.38.2-0ubuntu0.22.04.2
2022-11-26 11:38:22 status installed libjavascriptcoregtk-4.0-18:amd64 2.38.2-0ubuntu0.22.04.2
2022-11-26 11:38:22 configure gir1.2-javascriptcoregtk-4.0:amd64 2.38.2-0ubuntu0.22.04.2 <none>
2022-11-26 11:38:22 status unpacked gir1.2-javascriptcoregtk-4.0:amd64 2.38.2-0ubuntu0.22.04.2
2022-11-26 11:38:22 status half-configured gir1.2-javascriptcoregtk-4.0:amd64 2.38.2-0ubuntu0.22.04.2
2022-11-26 11:38:22 status installed gir1.2-javascriptcoregtk-4.0:amd64 2.38.2-0ubuntu0.22.04.2
2022-11-26 11:38:22 configure libwebkit2gtk-4.0-37:amd64 2.38.2-0ubuntu0.22.04.2 <none>
2022-11-26 11:38:22 status unpacked libwebkit2gtk-4.0-37:amd64 2.38.2-0ubuntu0.22.04.2
2022-11-26 11:38:22 status half-configured libwebkit2gtk-4.0-37:amd64 2.38.2-0ubuntu0.22.04.2
2022-11-26 11:38:22 status installed libwebkit2gtk-4.0-37:amd64 2.38.2-0ubuntu0.22.04.2
2022-11-26 11:38:22 configure gir1.2-webkit2-4.0:amd64 2.38.2-0ubuntu0.22.04.2 <none>
2022-11-26 11:38:22 status unpacked gir1.2-webkit2-4.0:amd64 2.38.2-0ubuntu0.22.04.2
2022-11-26 11:38:22 status half-configured gir1.2-webkit2-4.0:amd64 2.38.2-0ubuntu0.22.04.2
2022-11-26 11:38:22 status installed gir1.2-webkit2-4.0:amd64 2.38.2-0ubuntu0.22.04.2
2022-11-26 11:38:22 trigproc libc-bin:amd64 2.35-0ubuntu3.1 <none>
2022-11-26 11:38:22 status half-configured libc-bin:amd64 2.35-0ubuntu3.1
2022-11-26 11:38:22 status installed libc-bin:amd64 2.35-0ubuntu3.1
2022-11-26 11:38:25 startup archives unpack
2022-11-26 11:38:26 upgrade libflac8:amd64 1.3.3-2build2 1.3.3-2ubuntu0.1
2022-11-26 11:38:26 status triggers-pending libc-bin:amd64 2.35-0ubuntu3.1
2022-11-26 11:38:26 status half-configured libflac8:amd64 1.3.3-2build2
2022-11-26 11:38:26 status unpacked libflac8:amd64 1.3.3-2build2
2022-11-26 11:38:26 status half-installed libflac8:amd64 1.3.3-2build2
2022-11-26 11:38:26 status unpacked libflac8:amd64 1.3.3-2ubuntu0.1
2022-11-26 11:38:26 startup packages configure
2022-11-26 11:38:26 configure libflac8:amd64 1.3.3-2ubuntu0.1 <none>
2022-11-26 11:38:26 status unpacked libflac8:amd64 1.3.3-2ubuntu0.1
2022-11-26 11:38:26 status half-configured libflac8:amd64 1.3.3-2ubuntu0.1
2022-11-26 11:38:26 status installed libflac8:amd64 1.3.3-2ubuntu0.1
2022-11-26 11:38:26 trigproc libc-bin:amd64 2.35-0ubuntu3.1 <none>
2022-11-26 11:38:26 status half-configured libc-bin:amd64 2.35-0ubuntu3.1
2022-11-26 11:38:26 status installed libc-bin:amd64 2.35-0ubuntu3.1
2022-11-26 11:38:30 startup archives unpack
2022-11-26 11:38:30 upgrade linux-generic:amd64 5.15.0.52.52 5.15.0.53.53
2022-11-26 11:38:30 status half-configured linux-generic:amd64 5.15.0.52.52
2022-11-26 11:38:30 status unpacked linux-generic:amd64 5.15.0.52.52
2022-11-26 11:38:30 status half-installed linux-generic:amd64 5.15.0.52.52
2022-11-26 11:38:30 status unpacked linux-generic:amd64 5.15.0.53.53
2022-11-26 11:38:30 upgrade linux-image-generic:amd64 5.15.0.52.52 5.15.0.53.53
2022-11-26 11:38:30 status half-configured linux-image-generic:amd64 5.15.0.52.52
2022-11-26 11:38:30 status unpacked linux-image-generic:amd64 5.15.0.52.52
2022-11-26 11:38:30 status half-installed linux-image-generic:amd64 5.15.0.52.52
2022-11-26 11:38:30 status unpacked linux-image-generic:amd64 5.15.0.53.53
2022-11-26 11:38:30 upgrade linux-headers-generic:amd64 5.15.0.52.52 5.15.0.53.53
2022-11-26 11:38:30 status half-configured linux-headers-generic:amd64 5.15.0.52.52
2022-11-26 11:38:30 status unpacked linux-headers-generic:amd64 5.15.0.52.52
2022-11-26 11:38:30 status half-installed linux-headers-generic:amd64 5.15.0.52.52
2022-11-26 11:38:30 status unpacked linux-headers-generic:amd64 5.15.0.53.53
2022-11-26 11:38:30 startup packages configure
2022-11-26 11:38:30 configure linux-image-generic:amd64 5.15.0.53.53 <none>
2022-11-26 11:38:30 status unpacked linux-image-generic:amd64 5.15.0.53.53
2022-11-26 11:38:30 status half-configured linux-image-generic:amd64 5.15.0.53.53
2022-11-26 11:38:30 status installed linux-image-generic:amd64 5.15.0.53.53
2022-11-26 11:38:30 configure linux-headers-generic:amd64 5.15.0.53.53 <none>
2022-11-26 11:38:30 status unpacked linux-headers-generic:amd64 5.15.0.53.53
2022-11-26 11:38:30 status half-configured linux-headers-generic:amd64 5.15.0.53.53
2022-11-26 11:38:30 status installed linux-headers-generic:amd64 5.15.0.53.53
2022-11-26 11:38:30 configure linux-generic:amd64 5.15.0.53.53 <none>
2022-11-26 11:38:30 status unpacked linux-generic:amd64 5.15.0.53.53
2022-11-26 11:38:30 status half-configured linux-generic:amd64 5.15.0.53.53
2022-11-26 11:38:30 status installed linux-generic:amd64 5.15.0.53.53
2022-11-26 11:38:35 startup archives unpack
2022-11-26 11:38:35 upgrade libjbig0:amd64 2.1-3.1build3 2.1-3.1ubuntu0.22.04.1
2022-11-26 11:38:35 status triggers-pending libc-bin:amd64 2.35-0ubuntu3.1
2022-11-26 11:38:35 status half-configured libjbig0:amd64 2.1-3.1build3
2022-11-26 11:38:35 status unpacked libjbig0:amd64 2.1-3.1build3
2022-11-26 11:38:35 status half-installed libjbig0:amd64 2.1-3.1build3
2022-11-26 11:38:35 status unpacked libjbig0:amd64 2.1-3.1ubuntu0.22.04.1
2022-11-26 11:38:35 startup packages configure
2022-11-26 11:38:35 configure libjbig0:amd64 2.1-3.1ubuntu0.22.04.1 <none>
2022-11-26 11:38:35 status unpacked libjbig0:amd64 2.1-3.1ubuntu0.22.04.1
2022-11-26 11:38:35 status half-configured libjbig0:amd64 2.1-3.1ubuntu0.22.04.1
2022-11-26 11:38:35 status installed libjbig0:amd64 2.1-3.1ubuntu0.22.04.1
2022-11-26 11:38:35 trigproc libc-bin:amd64 2.35-0ubuntu3.1 <none>
2022-11-26 11:38:35 status half-configured libc-bin:amd64 2.35-0ubuntu3.1
2022-11-26 11:38:35 status installed libc-bin:amd64 2.35-0ubuntu3.1
2022-11-26 11:38:43 startup archives unpack
2022-11-26 11:38:43 upgrade linux-generic-hwe-20.04:amd64 5.15.0.52.52 5.15.0.53.53
2022-11-26 11:38:43 status half-configured linux-generic-hwe-20.04:amd64 5.15.0.52.52
2022-11-26 11:38:43 status unpacked linux-generic-hwe-20.04:amd64 5.15.0.52.52
2022-11-26 11:38:43 status half-installed linux-generic-hwe-20.04:amd64 5.15.0.52.52
2022-11-26 11:38:43 status unpacked linux-generic-hwe-20.04:amd64 5.15.0.53.53
2022-11-26 11:38:43 startup packages configure
2022-11-26 11:38:43 configure linux-generic-hwe-20.04:amd64 5.15.0.53.53 <none>
2022-11-26 11:38:43 status unpacked linux-generic-hwe-20.04:amd64 5.15.0.53.53
2022-11-26 11:38:43 status half-configured linux-generic-hwe-20.04:amd64 5.15.0.53.53
2022-11-26 11:38:43 status installed linux-generic-hwe-20.04:amd64 5.15.0.53.53
2022-11-26 11:38:49 startup archives unpack
2022-11-26 11:38:49 upgrade xwayland:amd64 2:22.1.1-1ubuntu0.2 2:22.1.1-1ubuntu0.3
2022-11-26 11:38:49 status half-configured xwayland:amd64 2:22.1.1-1ubuntu0.2
2022-11-26 11:38:49 status unpacked xwayland:amd64 2:22.1.1-1ubuntu0.2
2022-11-26 11:38:49 status half-installed xwayland:amd64 2:22.1.1-1ubuntu0.2
2022-11-26 11:38:49 status triggers-pending man-db:amd64 2.10.2-1
2022-11-26 11:38:49 status unpacked xwayland:amd64 2:22.1.1-1ubuntu0.3
2022-11-26 11:38:49 startup packages configure
2022-11-26 11:38:49 configure xwayland:amd64 2:22.1.1-1ubuntu0.3 <none>
2022-11-26 11:38:49 status unpacked xwayland:amd64 2:22.1.1-1ubuntu0.3
2022-11-26 11:38:49 status half-configured xwayland:amd64 2:22.1.1-1ubuntu0.3
2022-11-26 11:38:49 status installed xwayland:amd64 2:22.1.1-1ubuntu0.3
2022-11-26 11:38:49 trigproc man-db:amd64 2.10.2-1 <none>
2022-11-26 11:38:49 status half-configured man-db:amd64 2.10.2-1
2022-11-26 11:38:49 status installed man-db:amd64 2.10.2-1
2022-11-26 11:38:54 startup archives unpack
2022-11-26 11:38:55 upgrade linux-libc-dev:amd64 5.15.0-52.58 5.15.0-53.59
2022-11-26 11:38:55 status half-configured linux-libc-dev:amd64 5.15.0-52.58
2022-11-26 11:38:55 status unpacked linux-libc-dev:amd64 5.15.0-52.58
2022-11-26 11:38:55 status half-installed linux-libc-dev:amd64 5.15.0-52.58
2022-11-26 11:38:55 status unpacked linux-libc-dev:amd64 5.15.0-53.59
2022-11-26 11:38:55 startup packages configure
2022-11-26 11:38:55 configure linux-libc-dev:amd64 5.15.0-53.59 <none>
2022-11-26 11:38:55 status unpacked linux-libc-dev:amd64 5.15.0-53.59
2022-11-26 11:38:55 status half-configured linux-libc-dev:amd64 5.15.0-53.59
2022-11-26 11:38:55 status installed linux-libc-dev:amd64 5.15.0-53.59
2022-11-26 11:38:59 startup archives unpack
2022-11-26 11:38:59 upgrade tzdata:all 2022f-0ubuntu0.22.04.0 2022f-0ubuntu0.22.04.1
2022-11-26 11:38:59 status half-configured tzdata:all 2022f-0ubuntu0.22.04.0
2022-11-26 11:38:59 status unpacked tzdata:all 2022f-0ubuntu0.22.04.0
2022-11-26 11:38:59 status half-installed tzdata:all 2022f-0ubuntu0.22.04.0
2022-11-26 11:39:00 status unpacked tzdata:all 2022f-0ubuntu0.22.04.1
2022-11-26 11:39:00 startup packages configure
2022-11-26 11:39:00 configure tzdata:all 2022f-0ubuntu0.22.04.1 <none>
2022-11-26 11:39:00 status unpacked tzdata:all 2022f-0ubuntu0.22.04.1
2022-11-26 11:39:00 status half-configured tzdata:all 2022f-0ubuntu0.22.04.1
2022-11-26 11:39:00 status installed tzdata:all 2022f-0ubuntu0.22.04.1
2022-11-26 11:39:04 startup archives unpack
2022-11-26 11:39:04 upgrade xserver-xorg-legacy:amd64 2:21.1.3-2ubuntu2.1 2:21.1.3-2ubuntu2.3
2022-11-26 11:39:04 status half-configured xserver-xorg-legacy:amd64 2:21.1.3-2ubuntu2.1
2022-11-26 11:39:04 status unpacked xserver-xorg-legacy:amd64 2:21.1.3-2ubuntu2.1
2022-11-26 11:39:04 status half-installed xserver-xorg-legacy:amd64 2:21.1.3-2ubuntu2.1
2022-11-26 11:39:04 status triggers-pending man-db:amd64 2.10.2-1
2022-11-26 11:39:04 status unpacked xserver-xorg-legacy:amd64 2:21.1.3-2ubuntu2.3
2022-11-26 11:39:04 startup packages configure
2022-11-26 11:39:04 configure xserver-xorg-legacy:amd64 2:21.1.3-2ubuntu2.3 <none>
2022-11-26 11:39:04 status unpacked xserver-xorg-legacy:amd64 2:21.1.3-2ubuntu2.3
2022-11-26 11:39:04 status half-configured xserver-xorg-legacy:amd64 2:21.1.3-2ubuntu2.3
2022-11-26 11:39:04 status installed xserver-xorg-legacy:amd64 2:21.1.3-2ubuntu2.3
2022-11-26 11:39:04 trigproc man-db:amd64 2.10.2-1 <none>
2022-11-26 11:39:04 status half-configured man-db:amd64 2.10.2-1
2022-11-26 11:39:04 status installed man-db:amd64 2.10.2-1
2022-11-26 11:39:09 startup archives unpack
2022-11-26 11:39:09 upgrade libexpat1:amd64 2.4.7-1 2.4.7-1ubuntu0.2
2022-11-26 11:39:09 status triggers-pending libc-bin:amd64 2.35-0ubuntu3.1
2022-11-26 11:39:09 status half-configured libexpat1:amd64 2.4.7-1
2022-11-26 11:39:09 status unpacked libexpat1:amd64 2.4.7-1
2022-11-26 11:39:09 status half-installed libexpat1:amd64 2.4.7-1
2022-11-26 11:39:09 status unpacked libexpat1:amd64 2.4.7-1ubuntu0.2
2022-11-26 11:39:09 startup packages configure
2022-11-26 11:39:09 configure libexpat1:amd64 2.4.7-1ubuntu0.2 <none>
2022-11-26 11:39:09 status unpacked libexpat1:amd64 2.4.7-1ubuntu0.2
2022-11-26 11:39:09 status half-configured libexpat1:amd64 2.4.7-1ubuntu0.2
2022-11-26 11:39:09 status installed libexpat1:amd64 2.4.7-1ubuntu0.2
2022-11-26 11:39:09 trigproc libc-bin:amd64 2.35-0ubuntu3.1 <none>
2022-11-26 11:39:09 status half-configured libc-bin:amd64 2.35-0ubuntu3.1
2022-11-26 11:39:09 status installed libc-bin:amd64 2.35-0ubuntu3.1
2022-11-26 11:39:13 startup packages remove
2022-11-26 11:39:13 status installed linux-modules-extra-5.15.0-50-generic:amd64 5.15.0-50.56
2022-11-26 11:39:14 remove linux-modules-extra-5.15.0-50-generic:amd64 5.15.0-50.56 <none>
2022-11-26 11:39:14 status half-configured linux-modules-extra-5.15.0-50-generic:amd64 5.15.0-50.56
2022-11-26 11:39:14 status half-installed linux-modules-extra-5.15.0-50-generic:amd64 5.15.0-50.56
2022-11-26 11:39:14 status config-files linux-modules-extra-5.15.0-50-generic:amd64 5.15.0-50.56
2022-11-26 11:39:14 status installed linux-modules-5.15.0-50-generic:amd64 5.15.0-50.56
2022-11-26 11:39:14 status installed linux-image-5.15.0-50-generic:amd64 5.15.0-50.56
2022-11-26 11:39:14 remove linux-image-5.15.0-50-generic:amd64 5.15.0-50.56 <none>
2022-11-26 11:39:14 status half-configured linux-image-5.15.0-50-generic:amd64 5.15.0-50.56
2022-11-26 11:39:16 status half-installed linux-image-5.15.0-50-generic:amd64 5.15.0-50.56
2022-11-26 11:39:17 status config-files linux-image-5.15.0-50-generic:amd64 5.15.0-50.56
2022-11-26 11:39:17 remove linux-modules-5.15.0-50-generic:amd64 5.15.0-50.56 <none>
2022-11-26 11:39:17 status half-configured linux-modules-5.15.0-50-generic:amd64 5.15.0-50.56
2022-11-26 11:39:17 status half-installed linux-modules-5.15.0-50-generic:amd64 5.15.0-50.56
2022-11-26 11:39:17 status config-files linux-modules-5.15.0-50-generic:amd64 5.15.0-50.56
2022-11-26 11:39:17 startup packages configure
2022-11-26 11:39:22 startup packages remove
2022-11-26 11:39:22 status installed linux-headers-5.15.0-50-generic:amd64 5.15.0-50.56
2022-11-26 11:39:22 remove linux-headers-5.15.0-50-generic:amd64 5.15.0-50.56 <none>
2022-11-26 11:39:22 status half-configured linux-headers-5.15.0-50-generic:amd64 5.15.0-50.56
2022-11-26 11:39:22 status half-installed linux-headers-5.15.0-50-generic:amd64 5.15.0-50.56
2022-11-26 11:39:22 status config-files linux-headers-5.15.0-50-generic:amd64 5.15.0-50.56
2022-11-26 11:39:22 status not-installed linux-headers-5.15.0-50-generic:amd64 <none>
2022-11-26 11:39:22 startup packages configure
2022-11-26 11:39:27 startup packages remove
2022-11-26 11:39:27 status installed linux-headers-5.15.0-50:all 5.15.0-50.56
2022-11-26 11:39:27 remove linux-headers-5.15.0-50:all 5.15.0-50.56 <none>
2022-11-26 11:39:27 status half-configured linux-headers-5.15.0-50:all 5.15.0-50.56
2022-11-26 11:39:27 status half-installed linux-headers-5.15.0-50:all 5.15.0-50.56
2022-11-26 11:39:27 status config-files linux-headers-5.15.0-50:all 5.15.0-50.56
2022-11-26 11:39:27 status not-installed linux-headers-5.15.0-50:all <none>
2022-11-26 11:39:27 startup packages configure
